Added Pin To Net: NetName=NetJ8_01 Pin=C1-2
Added Pin To Net: NetName=NetJ8_01 Pin=C2-2
Added Pin To Net: NetName=NetJ4_01 Pin=C3-1
Added Pin To Net: NetName=NetJ8_01 Pin=C3-2
Added Pin To Net: NetName=NetJ8_01 Pin=C4-2
Added Pin To Net: NetName=NetJ6_01 Pin=C5-1
Added Pin To Net: NetName=NetJ8_01 Pin=C5-2
Added Pin To Net: NetName=NetJ8_01 Pin=C6-2
Added Pin To Net: NetName=NetJ4_01 Pin=D3-A
Added Pin To Net: NetName=NetJ4_01 Pin=D4-C
Added Pin To Net: NetName=NetJ6_01 Pin=D5-A
Added Pin To Net: NetName=NetJ6_01 Pin=D6-C
Added Pin To Net: NetName=NetJ8_01 Pin=J1-2
Added Pin To Net: NetName=NetJ8_01 Pin=J1-3
Added Pin To Net: NetName=NetJ8_01 Pin=R2-1
Added Pin To Net: NetName=NetJ4_01 Pin=R3-2
Added Pin To Net: NetName=NetJ8_01 Pin=R4-1
Added Pin To Net: NetName=NetJ6_01 Pin=R5-2
Added Pin To Net: NetName=NetJ8_01 Pin=R6-1
Added Pin To Net: NetName=NetJ4_01 Pin=U2-2
Added Pin To Net: NetName=NetJ6_01 Pin=U3-2
Change Net Name : Old Net Name=NetJ4_01 New Net Name=5V
Change Net Name : Old Net Name=NetJ6_01 New Net Name=6V
Change Net Name : Old Net Name=NetJ8_01 New Net Name=0V
