Removed Pin From Net: NetName=RPI PICO PIN1 Pin=J49-01
Removed Pin From Net: NetName=LogicShifter1 LV Pin=J49-02
Removed Pin From Net: NetName=RPI PICO PIN2 Pin=J49-03
Removed Pin From Net: NetName=LogicShifter2 LV Pin=J49-04
Removed Pin From Net: NetName=RPI PICO PIN3 Pin=J49-05
Removed Pin From Net: NetName=0V Pin=J49-06
Removed Pin From Net: NetName=RPI PICO PIN4 Pin=J49-07
Removed Pin From Net: NetName=LogicShifter3 LV Pin=J49-08
Removed Pin From Net: NetName=RPI PICO PIN5 Pin=J49-09
Removed Pin From Net: NetName=LogicShifter4 LV Pin=J49-10
Removed Pin From Net: NetName=RPI PICO PIN6 Pin=J49-11
Removed Pin From Net: NetName=LogicShifter5 LV Pin=J49-12
Removed Pin From Net: NetName=RPI PICO PIN7 Pin=J49-13
Removed Pin From Net: NetName=LogicShifter6 LV Pin=J49-14
Removed Pin From Net: NetName=RPI PICO PIN8 Pin=J49-15
Removed Pin From Net: NetName=0V Pin=J49-16
Removed Pin From Net: NetName=RPI PICO PIN9 Pin=J49-17
Removed Pin From Net: NetName=LogicShifter7 LV Pin=J49-18
Removed Pin From Net: NetName=RPI PICO PIN10 Pin=J49-19
Removed Pin From Net: NetName=LogicShifter8 LV Pin=J49-20
Removed Pin From Net: NetName=RPI PICO PIN11 Pin=J49-21
Removed Pin From Net: NetName=LogicShifter9 LV Pin=J49-22
Removed Pin From Net: NetName=RPI PICO PIN12 Pin=J49-23
Removed Pin From Net: NetName=LogicShifter10 LV Pin=J49-24
Removed Pin From Net: NetName=RPI PICO PIN13 Pin=J49-25
Removed Pin From Net: NetName=0V Pin=J49-26
Removed Pin From Net: NetName=RPI PICO PIN14 Pin=J49-27
Removed Pin From Net: NetName=LogicShifter11 LV Pin=J49-28
Removed Pin From Net: NetName=RPI PICO PIN15 Pin=J49-29
Removed Pin From Net: NetName=LogicShifter12 LV Pin=J49-30
Removed Pin From Net: NetName=RPI PICO PIN16 Pin=J49-31
Removed Pin From Net: NetName=LogicShifter13 LV Pin=J49-32
Removed Pin From Net: NetName=RPI PICO PIN17 Pin=J49-33
Removed Pin From Net: NetName=LogicShifter14 LV Pin=J49-34
Removed Pin From Net: NetName=RPI PICO PIN18 Pin=J49-35
Removed Pin From Net: NetName=0V Pin=J49-36
Removed Pin From Net: NetName=RPI PICO PIN19 Pin=J49-37
Removed Pin From Net: NetName=LogicShifter15 LV Pin=J49-38
Removed Pin From Net: NetName=RPI PICO PIN20 Pin=J49-39
Removed Pin From Net: NetName=LogicShifter16 LV Pin=J49-40
Change Component Description : Designator=U4 Old Description=Raspberry Pi Board, Arm Cortex-M0+; Core Architecture:Arm; Core Sub-Architecture:Cortex-M0+; Kit Contents:Raspberry Pi Pico Board; No. Of Bits:32Bit; Silicon Core Number:Rp2040; Silicon Manufacturer:Raspberry Pi New Description=Raspberry Pi Board, Arm Cortex-M0+; Core Architecture:Arm; Core Sub-Architecture:Cortex-M0+; Kit Contents:Raspberry Pi Pico Board; No. Of Bits:32Bit; Silicon Core Number:Rp2040; Silicon Manufacturer:Raspberry Pi |Raspberry-Pi RASPBERRY PI PICO
Change Component Description : Designator=D1 Old Description=Rectifier Silicon, 1000V, 1 A, DO-41 Case, Solder Leads, 1N Series New Description=Rectifier Silicon, 1000V, 1 A, DO-41 Case, Solder Leads, 1N Series | NTE Electronics Inc. 1N4007
Change Component Description : Designator=D2 Old Description=Rectifier Silicon, 1000V, 1 A, DO-41 Case, Solder Leads, 1N Series New Description=Rectifier Silicon, 1000V, 1 A, DO-41 Case, Solder Leads, 1N Series | NTE Electronics Inc. 1N4007
Change Component Description : Designator=D3 Old Description=Rectifier Silicon, 1000V, 1 A, DO-41 Case, Solder Leads, 1N Series New Description=Rectifier Silicon, 1000V, 1 A, DO-41 Case, Solder Leads, 1N Series | NTE Electronics Inc. 1N4007
Change Component Description : Designator=D4 Old Description=Rectifier Silicon, 1000V, 1 A, DO-41 Case, Solder Leads, 1N Series New Description=Rectifier Silicon, 1000V, 1 A, DO-41 Case, Solder Leads, 1N Series | NTE Electronics Inc. 1N4007
Change Component Description : Designator=D5 Old Description=Rectifier Silicon, 1000V, 1 A, DO-41 Case, Solder Leads, 1N Series New Description=Rectifier Silicon, 1000V, 1 A, DO-41 Case, Solder Leads, 1N Series | NTE Electronics Inc. 1N4007
Change Component Description : Designator=D6 Old Description=Rectifier Silicon, 1000V, 1 A, DO-41 Case, Solder Leads, 1N Series New Description=Rectifier Silicon, 1000V, 1 A, DO-41 Case, Solder Leads, 1N Series | NTE Electronics Inc. 1N4007
Added Pin To Net: NetName=LogicShifter1 LV Pin=J49-01
Added Pin To Net: NetName=RPI PICO PIN1 Pin=J49-02
Added Pin To Net: NetName=LogicShifter2 LV Pin=J49-03
Added Pin To Net: NetName=RPI PICO PIN2 Pin=J49-04
Added Pin To Net: NetName=0V Pin=J49-05
Added Pin To Net: NetName=RPI PICO PIN3 Pin=J49-06
Added Pin To Net: NetName=LogicShifter3 LV Pin=J49-07
Added Pin To Net: NetName=RPI PICO PIN4 Pin=J49-08
Added Pin To Net: NetName=LogicShifter4 LV Pin=J49-09
Added Pin To Net: NetName=RPI PICO PIN5 Pin=J49-10
Added Pin To Net: NetName=LogicShifter5 LV Pin=J49-11
Added Pin To Net: NetName=RPI PICO PIN6 Pin=J49-12
Added Pin To Net: NetName=LogicShifter6 LV Pin=J49-13
Added Pin To Net: NetName=RPI PICO PIN7 Pin=J49-14
Added Pin To Net: NetName=0V Pin=J49-15
Added Pin To Net: NetName=RPI PICO PIN8 Pin=J49-16
Added Pin To Net: NetName=LogicShifter7 LV Pin=J49-17
Added Pin To Net: NetName=RPI PICO PIN9 Pin=J49-18
Added Pin To Net: NetName=LogicShifter8 LV Pin=J49-19
Added Pin To Net: NetName=RPI PICO PIN10 Pin=J49-20
Added Pin To Net: NetName=LogicShifter9 LV Pin=J49-21
Added Pin To Net: NetName=RPI PICO PIN11 Pin=J49-22
Added Pin To Net: NetName=LogicShifter10 LV Pin=J49-23
Added Pin To Net: NetName=RPI PICO PIN12 Pin=J49-24
Added Pin To Net: NetName=0V Pin=J49-25
Added Pin To Net: NetName=RPI PICO PIN13 Pin=J49-26
Added Pin To Net: NetName=LogicShifter11 LV Pin=J49-27
Added Pin To Net: NetName=RPI PICO PIN14 Pin=J49-28
Added Pin To Net: NetName=LogicShifter12 LV Pin=J49-29
Added Pin To Net: NetName=RPI PICO PIN15 Pin=J49-30
Added Pin To Net: NetName=LogicShifter13 LV Pin=J49-31
Added Pin To Net: NetName=RPI PICO PIN16 Pin=J49-32
Added Pin To Net: NetName=LogicShifter14 LV Pin=J49-33
Added Pin To Net: NetName=RPI PICO PIN17 Pin=J49-34
Added Pin To Net: NetName=0V Pin=J49-35
Added Pin To Net: NetName=RPI PICO PIN18 Pin=J49-36
Added Pin To Net: NetName=LogicShifter15 LV Pin=J49-37
Added Pin To Net: NetName=RPI PICO PIN19 Pin=J49-38
Added Pin To Net: NetName=LogicShifter16 LV Pin=J49-39
Added Pin To Net: NetName=RPI PICO PIN20 Pin=J49-40
